  SpherePhysicsEngine.cpp
M:\Semester_1\game\SpherePhysicsEngine\SpherePhysicsEngine\SpherePhysicsEngine\glui\include\GL/glui.h(868): warning C4244: 'argument': conversion from 'double' to 'GLfloat', possible loss of data
m:\semester_1\game\spherephysicsengine\spherephysicsengine\spherephysicsengine\Sphere.h(45): warning C4244: '*=': conversion from 'double' to 'float', possible loss of data
m:\semester_1\game\spherephysicsengine\spherephysicsengine\spherephysicsengine\Sphere.h(106): warning C4244: 'initializing': conversion from 'double' to 'float', possible loss of data
SpherePhysicsEngine.cpp(28): warning C4305: 'initializing': truncation from 'double' to 'float'
SpherePhysicsEngine.cpp(32): warning C4305: 'initializing': truncation from 'double' to 'float'
SpherePhysicsEngine.cpp(33): warning C4305: 'initializing': truncation from 'double' to 'float'
SpherePhysicsEngine.cpp(55): warning C4244: 'initializing': conversion from 'time_t' to 'int', possible loss of data
SpherePhysicsEngine.cpp(141): warning C4244: 'argument': conversion from 'double' to 'GLfloat', possible loss of data
SpherePhysicsEngine.cpp(142): warning C4244: 'argument': conversion from 'double' to 'GLfloat', possible loss of data
SpherePhysicsEngine.cpp(187): warning C4244: 'argument': conversion from 'float' to 'unsigned int', possible loss of data
SpherePhysicsEngine.cpp(219): warning C4244: '=': conversion from 'int' to 'float', possible loss of data
SpherePhysicsEngine.cpp(220): warning C4244: '=': conversion from 'int' to 'float', possible loss of data
SpherePhysicsEngine.cpp(229): warning C4244: '=': conversion from 'int' to 'float', possible loss of data
SpherePhysicsEngine.cpp(230): warning C4244: '=': conversion from 'int' to 'float', possible loss of data
SpherePhysicsEngine.cpp(297): warning C4244: 'argument': conversion from 'float' to 'unsigned int', possible loss of data
  Generating code
  4 of 332 functions ( 1.2%) were compiled, the rest were copied from previous compilation.
    0 functions were new in current compilation
    0 functions had inline decision re-evaluated but remain unchanged
  Finished generating code
glui32.lib(glui.obj) : warning LNK4099: PDB '_glui library.pdb' was not found with 'glui32.lib(glui.obj)' or at 'M:\Semester_1\game\SpherePhysicsEngine\SpherePhysicsEngine\Release\_glui library.pdb'; linking object as if no debug info
glui32.lib(glui_bitmaps.obj) : warning LNK4099: PDB '_glui library.pdb' was not found with 'glui32.lib(glui_bitmaps.obj)' or at 'M:\Semester_1\game\SpherePhysicsEngine\SpherePhysicsEngine\Release\_glui library.pdb'; linking object as if no debug info
glui32.lib(glui_bitmap_img_data.obj) : warning LNK4099: PDB '_glui library.pdb' was not found with 'glui32.lib(glui_bitmap_img_data.obj)' or at 'M:\Semester_1\game\SpherePhysicsEngine\SpherePhysicsEngine\Release\_glui library.pdb'; linking object as if no debug info
glui32.lib(glui_button.obj) : warning LNK4099: PDB '_glui library.pdb' was not found with 'glui32.lib(glui_button.obj)' or at 'M:\Semester_1\game\SpherePhysicsEngine\SpherePhysicsEngine\Release\_glui library.pdb'; linking object as if no debug info
glui32.lib(glui_control.obj) : warning LNK4099: PDB '_glui library.pdb' was not found with 'glui32.lib(glui_control.obj)' or at 'M:\Semester_1\game\SpherePhysicsEngine\SpherePhysicsEngine\Release\_glui library.pdb'; linking object as if no debug info
glui32.lib(glui_edittext.obj) : warning LNK4099: PDB '_glui library.pdb' was not found with 'glui32.lib(glui_edittext.obj)' or at 'M:\Semester_1\game\SpherePhysicsEngine\SpherePhysicsEngine\Release\_glui library.pdb'; linking object as if no debug info
glui32.lib(glui_node.obj) : warning LNK4099: PDB '_glui library.pdb' was not found with 'glui32.lib(glui_node.obj)' or at 'M:\Semester_1\game\SpherePhysicsEngine\SpherePhysicsEngine\Release\_glui library.pdb'; linking object as if no debug info
glui32.lib(glui_panel.obj) : warning LNK4099: PDB '_glui library.pdb' was not found with 'glui32.lib(glui_panel.obj)' or at 'M:\Semester_1\game\SpherePhysicsEngine\SpherePhysicsEngine\Release\_glui library.pdb'; linking object as if no debug info
glui32.lib(glui_string.obj) : warning LNK4099: PDB '_glui library.pdb' was not found with 'glui32.lib(glui_string.obj)' or at 'M:\Semester_1\game\SpherePhysicsEngine\SpherePhysicsEngine\Release\_glui library.pdb'; linking object as if no debug info
glui32.lib(glui_window.obj) : warning LNK4099: PDB '_glui library.pdb' was not found with 'glui32.lib(glui_window.obj)' or at 'M:\Semester_1\game\SpherePhysicsEngine\SpherePhysicsEngine\Release\_glui library.pdb'; linking object as if no debug info
  SpherePhysicsEngine.vcxproj -> M:\Semester_1\game\SpherePhysicsEngine\SpherePhysicsEngine\Release\SpherePhysicsEngine.exe
